<?xml version="1.0" encoding="UTF-8"?>
<!-- Generated by org.testng.reporters.JUnitXMLReporter -->
<testsuite hostname="LAPTOP-9NM2HTVU" ignored="1" name="Pet_Store_Registeration_From" tests="4" failures="0" timestamp="26 Apr 2023 03:06:31 GMT" time="10.516" errors="0">
  <testcase name="pageLoad" time="5.477" classname="TestNG_Task.JPetStore"/>
  <testcase name="userInfo" time="0.322" classname="TestNG_Task.JPetStore"/>
  <testcase name="accountInfo" time="0.915" classname="TestNG_Task.JPetStore"/>
  <testcase name="profileInfo" time="3.753" classname="TestNG_Task.JPetStore"/>
  <testcase name="disability" time="0.0" classname="TestNG_Task.JPetStore">
    <ignored/>
  </testcase> <!-- disability -->
</testsuite> <!-- Pet_Store_Registeration_From -->
