<?xml version="1.0" encoding="UTF-8"?>
<!-- Generated by org.testng.reporters.JUnitXMLReporter -->
<testsuite hostname="LAPTOP-9NM2HTVU" ignored="1" name="Default test" tests="4" failures="0" timestamp="26 Apr 2023 03:02:11 GMT" time="14.448" errors="0">
  <testcase name="pageLoad" time="8.361" classname="TestNG_Task.JPetStore"/>
  <testcase name="userInfo" time="0.291" classname="TestNG_Task.JPetStore"/>
  <testcase name="accountInfo" time="0.911" classname="TestNG_Task.JPetStore"/>
  <testcase name="profileInfo" time="4.833" classname="TestNG_Task.JPetStore"/>
  <testcase name="disability" time="0.0" classname="TestNG_Task.JPetStore">
    <ignored/>
  </testcase> <!-- disability -->
</testsuite> <!-- Default test -->
