<?xml version="1.0" encoding="UTF-8"?>
<testng-results skipped="0" failed="0" ignored="1" total="5" passed="4">
  <reporter-output>
  </reporter-output>
  <suite name="TestNG_Task" duration-ms="10516" started-at="2023-04-26T03:06:20Z" finished-at="2023-04-26T03:06:31Z">
    <groups>
    </groups>
    <test name="Pet_Store_Registeration_From" duration-ms="10516" started-at="2023-04-26T03:06:20Z" finished-at="2023-04-26T03:06:31Z">
      <class name="TestNG_Task.JPetStore">
        <test-method status="PASS" signature="pageLoad()[pri:1, instance:TestNG_Task.JPetStore@56ac3a89]" name="pageLoad" duration-ms="5477" started-at="2023-04-26T08:36:20Z" finished-at="2023-04-26T08:36:26Z">
          <reporter-output>
          </reporter-output>
        </test-method> <!-- pageLoad -->
        <test-method status="PASS" signature="userInfo()[pri:2, instance:TestNG_Task.JPetStore@56ac3a89]" name="userInfo" duration-ms="322" started-at="2023-04-26T08:36:26Z" finished-at="2023-04-26T08:36:26Z">
          <reporter-output>
          </reporter-output>
        </test-method> <!-- userInfo -->
        <test-method status="PASS" signature="accountInfo()[pri:3, instance:TestNG_Task.JPetStore@56ac3a89]" name="accountInfo" duration-ms="915" started-at="2023-04-26T08:36:26Z" finished-at="2023-04-26T08:36:27Z">
          <reporter-output>
          </reporter-output>
        </test-method> <!-- accountInfo -->
        <test-method status="PASS" signature="profileInfo()[pri:4, instance:TestNG_Task.JPetStore@56ac3a89]" name="profileInfo" duration-ms="3753" started-at="2023-04-26T08:36:27Z" finished-at="2023-04-26T08:36:31Z">
          <reporter-output>
          </reporter-output>
        </test-method> <!-- profileInfo -->
      </class> <!-- TestNG_Task.JPetStore -->
    </test> <!-- Pet_Store_Registeration_From -->
  </suite> <!-- TestNG_Task -->
</testng-results>
